<?xml version="1.0" encoding="UTF-8"?>
<!-- Generated by org.testng.reporters.JUnitReportReporter -->
<testsuite hostname="Alexey-ПК" name="com.google.tests.GoogleHomePageTest" tests="1" failures="0" timestamp="12 Dec 2015 09:58:29 GMT" time="13.303" errors="0">
  <testcase name="verifyGooglePageTittle" time="13.303" classname="com.google.tests.GoogleHomePageTest"/>
</testsuite> <!-- com.google.tests.GoogleHomePageTest -->
